xmlblaster=# select * from xbstore;
      xbstoreid      |      xbnode      |    xbtype    |                   xbpostfix                   | xbflag1
---------------------+------------------+--------------+-----------------------------------------------+---------
 1223810849963000000 | node             | subject      | marcelclient__RequestBroker_internal_marcel_  |
 1223810849991000000 | node             | callback     | marcelclient__RequestBroker_internal_marcel_1 |
 1223810850091000000 | marcel           | topicStore   |                                               |
 1223810850132000000 | marcel           | session      | subPersistence,1_0                            |
 1223810850141000000 | marcel           | subscribe    | subPersistence,1_0                            |
 1223810850252000000 | node             | subject      | marcelclient__sys__jdbc                       |
 1223810850258000000 | node             | callback     | marcelclient__sys__jdbc-1                     |
 1223810937169000000 | clientpubisher   | connection   | 2                                             |
 1223810937355000000 | node             | subject      | marcelclientpubisher                          |
 1223810937361000000 | node             | callback     | marcelclientpubisher2                         |
 1223810938867000000 | marcel           | msgUnitStore | PublishToSlave_RUGBY_NEWS                     |
 1223810938871000000 | marcel           | history      | PublishToSlave_RUGBY_NEWS                     |
 1223810942342000000 | clientsubscriber | connection   | 1                                             |
 1223810942463000000 | node             | subject      | marcelclientsubscriber                        |
 1223810942468000000 | node             | callback     | marcelclientsubscriber1                       |
 1223810957178000000 | node             | subject      | marcelclientsomebody                          |


xmlblaster=# select * from xbref;
       xbrefid        |      xbstoreid      |      xbmeatid       | xbdurable | xbbytesize |                                                                                 xbmetainfo                                                                                  | xbflag1 | xbprio | xbmethodname | xbonetomany
----------------------+---------------------+---------------------+-----------+------------+-----------------------------------------------------------------------------------------------------------------------------------------------------------------------------+---------+--------+--------------+-------------
  1223810938890000000 | 1223810850091000000 | 1223810938890000000 | T         |        664 |                                                                                                                                                                             |         |      5 |              | F
 -1223810938909000000 | 1223810938871000000 | 1223810938843000000 | T         |        176 | msgWrapperId=1223810938843000000,keyOid=PublishToSlave.RUGBY_NEWS                                                                                                           |         |      5 | HISTORY_REF  | T
 -1223810939053000001 | 1223810938871000000 | 1223810939053000000 | T         |        176 | msgWrapperId=1223810939053000000,keyOid=PublishToSlave.RUGBY_NEWS                                                                                                           |         |      5 | HISTORY_REF  | T
 -1223810949627000000 | 1223810938871000000 | 1223810949626000000 | T         |        176 | msgWrapperId=1223810949626000000,keyOid=PublishToSlave.RUGBY_NEWS                                                                                                           |         |      5 | HISTORY_REF  | T
  1223810949628000000 | 1223810942468000000 | 1223810949626000000 | T         |        179 | msgWrapperId=1223810949626000000,flag=OK,keyOid=PublishToSlave.RUGBY_NEWS,subId=__subId:1223810943225000000,redeliverCounter=0,receiverStr=/node/marcel/client/subscriber/1 |         |      5 | UPDATE_REF   | T
 -1223810950011000001 | 1223810938871000000 | 1223810950011000000 | T         |        176 | msgWrapperId=1223810950011000000,keyOid=PublishToSlave.RUGBY_NEWS                                                                                                           |         |      5 | HISTORY_REF  | T
  1223810950013000000 | 1223810942468000000 | 1223810950011000000 | T         |        179 | msgWrapperId=1223810950011000000,flag=OK,keyOid=PublishToSlave.RUGBY_NEWS,subId=__subId:1223810943225000000,redeliverCounter=0,receiverStr=/node/marcel/client/subscriber/1 |         |      5 | UPDATE_REF   | T
 -1223810957173000000 | 1223810938871000000 | 1223810957172000000 | T         |        176 | msgWrapperId=1223810957172000000,keyOid=PublishToSlave.RUGBY_NEWS                                                                                                           |         |      5 | HISTORY_REF  | T
  1223810957193000000 | 1223810957178000000 | 1223810957172000000 | T         |        179 | msgWrapperId=1223810957172000000,flag=OK,keyOid=PublishToSlave.RUGBY_NEWS,subId=__subId:PtP,redeliverCounter=0,receiverStr=/node/marcel/client/somebody                     |         |      5 | UPDATE_REF   | T
  1223810957202000000 | 1223810942468000000 | 1223810957172000000 | T         |        179 | msgWrapperId=1223810957172000000,flag=OK,keyOid=PublishToSlave.RUGBY_NEWS,subId=__subId:1223810943225000000,redeliverCounter=0,receiverStr=/node/marcel/client/subscriber/1 |         |      5 | UPDATE_REF   | T
 -1223810957553000001 | 1223810938871000000 | 1223810957553000000 | T         |        176 | msgWrapperId=1223810957553000000,keyOid=PublishToSlave.RUGBY_NEWS                                                                                                           |         |      5 | HISTORY_REF  | T
  1223810957555000000 | 1223810957178000000 | 1223810957553000000 | T         |        179 | msgWrapperId=1223810957553000000,flag=OK,keyOid=PublishToSlave.RUGBY_NEWS,subId=__subId:PtP,redeliverCounter=0,receiverStr=/node/marcel/client/somebody                     |         |      5 | UPDATE_REF   | T
  1223810957556000000 | 1223810942468000000 | 1223810957553000000 | T         |        179 | msgWrapperId=1223810957553000000,flag=OK,keyOid=PublishToSlave.RUGBY_NEWS,subId=__subId:1223810943225000000,redeliverCounter=0,receiverStr=/node/marcel/client/subscriber/1 |         |      5 | UPDATE_REF   | T



      xbmeatid       | xbdurable | xbrefcount | xbrefcount2 | xbbytesize | xbdatatype | xbflag1 |                                                                xbmsgqos                                                                | xbmsgcont |                                        xbmsgkey                                         |      xbstoreid      
---------------------+-----------+------------+-------------+------------+------------+---------+----------------------------------------------------------------------------------------------------------------------------------------+-----------+-----------------------------------------------------------------------------------------+---------------------
 1223810938890000000 | T         |          1 |           0 |        664 | TOPIC_XML  |         |                                                                                                                                        |           |                                                                                         | 1223810850091000000
                                                                                                :  <qos>                                                                                                                                             :  <key oid='PublishToSlave.RUGBY_NEWS' contentMime='text/xml' contentMimeExtended='1.0'>   
                                                                                                :   <sender>/node/marcel/client/pubisher/2</sender>                                                                                                  :   <org.xmlBlaster><demo></demo></org.xmlBlaster>                                          
                                                                                                :   <priority>MAX</priority>                                                                                                                         :  </key>                                                                                   
                                                                                                :   <rcvTimestamp nanos='1223810938890000000'/>                                                                                                                                                                                                  
                                                                                                :   <administrative/>                                                                                                                                                                                                                            
                                                                                                :   <persistent/>                                                                                                                                                                                                                                
                                                                                                :   <isPublish/>                                                                                                                                                                                                                                 
                                                                                                :   <topic readonly='false' destroyDelay='60000' createDomEntry='true'>                                                                                                                                                                          
                                                                                                :     <msgDistributor typeVersion='undef,1.0'/>                                                                                                                                                                                                  
                                                                                                :    <persistence relating='msgUnitStore' maxEntries='100000000' maxEntriesCache='10000' maxBytes='2147483647' maxBytesCache='2097152'/>                                                                                                         
                                                                                                :    <queue relating='history' maxEntries='10' maxEntriesCache='10'/>                                                                                                                                                                            
                                                                                                :   </topic>                                                                                                                                                                                                                                     
                                                                                                :  </qos>                                                                                                                                                                                                                                        
 1223810938843000000 | T         |          1 |           1 |       4015 | MSG_XML    |         |                                                                                                                                        | We win    |                                                                                         | 1223810938867000000
                                                                                                :  <qos>                                                                                                                                             :  <key oid='PublishToSlave.RUGBY_NEWS' contentMime='text/xml' contentMimeExtended='1.0'>   
                                                                                                :   <subscribable/>                                                                                                                                  :   <org.xmlBlaster><demo></demo></org.xmlBlaster>                                          
                                                                                                :   <sender>/node/marcel/client/pubisher/2</sender>                                                                                                  :  </key>                                                                                   
                                                                                                :   <expiration lifeTime='-1' forceDestroy='false'/>                                                                                                                                                                                             
                                                                                                :   <rcvTimestamp nanos='1223810938843000000'/>                                                                                                                                                                                                  
                                                                                                :   <persistent/>                                                                                                                                                                                                                                
                                                                                                :   <forceUpdate/>                                                                                                                                                                                                                               
                                                                                                :   <route>                                                                                                                                                                                                                                      
                                                                                                :    <node id='marcel' stratum='0' timestamp='1223810938843000000' dirtyRead='false'/>                                                                                                                                                           
                                                                                                :   </route>                                                                                                                                                                                                                                     
                                                                                                :   <isPublish/>                                                                                                                                                                                                                                 
                                                                                                :   <topic readonly='false' destroyDelay='60000' createDomEntry='true'>                                                                                                                                                                          
                                                                                                :     <msgDistributor typeVersion='undef,1.0'/>                                                                                                                                                                                                  
                                                                                                :    <persistence relating='msgUnitStore' maxEntries='100000000' maxEntriesCache='10000' maxBytes='2147483647' maxBytesCache='2097152'/>                                                                                                         
                                                                                                :    <queue relating='history' maxEntries='10' maxEntriesCache='10'/>                                                                                                                                                                            
                                                                                                :   </topic>                                                                                                                                                                                                                                     
                                                                                                :  </qos>                                                                                                                                                                                                                                        
(2 rows)

